<?xml version="1.0" encoding="UTF-8"?>
<!-- Generated by org.testng.reporters.JUnitXMLReporter -->
<testsuite ignored="0" hostname="DESKTOP-J2AH7RF" failures="0" tests="2" name="Error Validation Test" time="24.166" errors="0" timestamp="2025-01-13T14:47:38 IST">
  <testcase classname="frameworklrn.tests.ErrorValidations" name="LoginErrorValidation" time="0.357"/>
  <testcase classname="frameworklrn.tests.ErrorValidations" name="ProductErrorValidation" time="20.797"/>
</testsuite> <!-- Error Validation Test -->
