<?xml version="1.0" encoding="UTF-8"?>
<!-- Generated by org.testng.reporters.JUnitXMLReporter -->
<testsuite ignored="0" hostname="DESKTOP-J2AH7RF" failures="1" tests="3" name="Submit Order Test" time="48.963" errors="0" timestamp="2025-01-13T14:47:14 IST">
  <testcase classname="frameworklrn.tests.SubmitOrderTest" name="submitOrder" time="21.756"/>
  <testcase classname="frameworklrn.tests.SubmitOrderTest" name="submitOrder" time="21.592"/>
  <testcase classname="frameworklrn.tests.SubmitOrderTest" name="OrderHistoryTest" time="0.578">
    <failure type="java.lang.AssertionError" message="expected [true] but found [false]">
      <![CDATA[java.lang.AssertionError: expected [true] but found [false]
at frameworklrn.tests.SubmitOrderTest.OrderHistoryTest(SubmitOrderTest.java:62)
at java.base/java.util.ArrayList.forEach(ArrayList.java:1597)
... Removed 29 stack frames]]>
    </failure>
  </testcase> <!-- OrderHistoryTest -->
</testsuite> <!-- Submit Order Test -->
