<?xml version="1.0" encoding="UTF-8"?>
<!-- Generated by org.testng.reporters.JUnitXMLReporter -->
<testsuite ignored="1" hostname="DESKTOP-J2AH7RF" failures="0" tests="2" name="Submit Order Test" time="46.962" errors="0" timestamp="2025-01-08T14:28:59 IST">
  <testcase classname="frameworklrn.tests.SubmitOrderTest" name="submitOrder" time="21.858"/>
  <testcase classname="frameworklrn.tests.SubmitOrderTest" name="submitOrder" time="21.638"/>
  <testcase classname="frameworklrn.tests.SubmitOrderTest" name="OrderHistoryTest" time="0.0">
    <ignored/>
  </testcase> <!-- OrderHistoryTest -->
</testsuite> <!-- Submit Order Test -->
